mode: set
github.com/lovelycbm/bongcoin/utils/utils.go:16.29,17.16 1 1
github.com/lovelycbm/bongcoin/utils/utils.go:17.16,19.3 1 1
github.com/lovelycbm/bongcoin/utils/utils.go:22.36,27.2 4 1
github.com/lovelycbm/bongcoin/utils/utils.go:29.45,32.2 2 1
github.com/lovelycbm/bongcoin/utils/utils.go:34.33,38.2 3 1
github.com/lovelycbm/bongcoin/utils/utils.go:40.51,43.18 2 1
github.com/lovelycbm/bongcoin/utils/utils.go:46.2,46.13 1 1
github.com/lovelycbm/bongcoin/utils/utils.go:43.18,45.3 1 1
github.com/lovelycbm/bongcoin/utils/utils.go:49.35,53.2 3 1
github.com/lovelycbm/bongcoin/wallet/wallet.go:25.34,28.2 2 0
github.com/lovelycbm/bongcoin/wallet/wallet.go:30.73,33.2 1 0
github.com/lovelycbm/bongcoin/wallet/wallet.go:35.50,37.2 1 0
github.com/lovelycbm/bongcoin/wallet/wallet.go:52.39,56.2 3 1
github.com/lovelycbm/bongcoin/wallet/wallet.go:58.42,64.2 5 1
github.com/lovelycbm/bongcoin/wallet/wallet.go:66.40,71.2 4 1
github.com/lovelycbm/bongcoin/wallet/wallet.go:73.39,76.2 2 1
github.com/lovelycbm/bongcoin/wallet/wallet.go:78.51,82.2 3 1
github.com/lovelycbm/bongcoin/wallet/wallet.go:84.45,90.2 5 1
github.com/lovelycbm/bongcoin/wallet/wallet.go:92.64,94.15 2 1
github.com/lovelycbm/bongcoin/wallet/wallet.go:97.2,102.26 6 1
github.com/lovelycbm/bongcoin/wallet/wallet.go:94.15,96.3 1 1
github.com/lovelycbm/bongcoin/wallet/wallet.go:105.56,117.2 9 1
github.com/lovelycbm/bongcoin/wallet/wallet.go:119.23,120.14 1 1
github.com/lovelycbm/bongcoin/wallet/wallet.go:133.2,133.10 1 1
github.com/lovelycbm/bongcoin/wallet/wallet.go:120.14,122.27 2 1
github.com/lovelycbm/bongcoin/wallet/wallet.go:131.3,131.43 1 1
github.com/lovelycbm/bongcoin/wallet/wallet.go:122.27,125.4 1 1
github.com/lovelycbm/bongcoin/wallet/wallet.go:125.9,129.4 3 1
github.com/lovelycbm/bongcoin/blockchain/block.go:29.38,32.2 1 1
github.com/lovelycbm/bongcoin/blockchain/block.go:34.30,38.2 1 1
github.com/lovelycbm/bongcoin/blockchain/block.go:42.45,44.23 2 1
github.com/lovelycbm/bongcoin/blockchain/block.go:47.2,49.18 3 1
github.com/lovelycbm/bongcoin/blockchain/block.go:44.23,46.3 1 0
github.com/lovelycbm/bongcoin/blockchain/block.go:52.24,54.6 2 1
github.com/lovelycbm/bongcoin/blockchain/block.go:54.6,58.38 3 1
github.com/lovelycbm/bongcoin/blockchain/block.go:58.38,60.9 2 1
github.com/lovelycbm/bongcoin/blockchain/block.go:61.9,63.4 1 1
github.com/lovelycbm/bongcoin/blockchain/block.go:68.60,82.2 5 1
github.com/lovelycbm/bongcoin/blockchain/chain.go:53.43,56.2 1 1
github.com/lovelycbm/bongcoin/blockchain/chain.go:57.39,65.2 6 1
github.com/lovelycbm/bongcoin/blockchain/chain.go:67.38,71.2 1 1
github.com/lovelycbm/bongcoin/blockchain/chain.go:73.31,75.35 2 1
github.com/lovelycbm/bongcoin/blockchain/chain.go:78.2,78.12 1 1
github.com/lovelycbm/bongcoin/blockchain/chain.go:75.35,77.3 1 1
github.com/lovelycbm/bongcoin/blockchain/chain.go:82.48,83.28 1 1
github.com/lovelycbm/bongcoin/blockchain/chain.go:88.2,88.12 1 1
github.com/lovelycbm/bongcoin/blockchain/chain.go:83.28,84.24 1 1
github.com/lovelycbm/bongcoin/blockchain/chain.go:84.24,86.4 1 1
github.com/lovelycbm/bongcoin/blockchain/chain.go:92.36,97.6 5 1
github.com/lovelycbm/bongcoin/blockchain/chain.go:107.2,107.15 1 1
github.com/lovelycbm/bongcoin/blockchain/chain.go:97.6,100.27 3 1
github.com/lovelycbm/bongcoin/blockchain/chain.go:100.27,103.4 1 1
github.com/lovelycbm/bongcoin/blockchain/chain.go:103.9,104.9 1 1
github.com/lovelycbm/bongcoin/blockchain/chain.go:110.46,118.47 6 1
github.com/lovelycbm/bongcoin/blockchain/chain.go:123.2,123.28 1 0
github.com/lovelycbm/bongcoin/blockchain/chain.go:118.47,120.3 1 1
github.com/lovelycbm/bongcoin/blockchain/chain.go:120.8,120.54 1 0
github.com/lovelycbm/bongcoin/blockchain/chain.go:120.54,122.3 1 0
github.com/lovelycbm/bongcoin/blockchain/chain.go:126.39,127.18 1 1
github.com/lovelycbm/bongcoin/blockchain/chain.go:127.18,129.3 1 1
github.com/lovelycbm/bongcoin/blockchain/chain.go:129.8,129.57 1 1
github.com/lovelycbm/bongcoin/blockchain/chain.go:129.57,132.3 1 1
github.com/lovelycbm/bongcoin/blockchain/chain.go:132.8,134.3 1 1
github.com/lovelycbm/bongcoin/blockchain/chain.go:137.63,143.34 3 0
github.com/lovelycbm/bongcoin/blockchain/chain.go:167.2,167.16 1 0
github.com/lovelycbm/bongcoin/blockchain/chain.go:143.34,144.41 1 0
github.com/lovelycbm/bongcoin/blockchain/chain.go:144.41,145.35 1 0
github.com/lovelycbm/bongcoin/blockchain/chain.go:154.4,154.41 1 0
github.com/lovelycbm/bongcoin/blockchain/chain.go:145.35,146.37 1 0
github.com/lovelycbm/bongcoin/blockchain/chain.go:149.5,149.68 1 0
github.com/lovelycbm/bongcoin/blockchain/chain.go:146.37,147.11 1 0
github.com/lovelycbm/bongcoin/blockchain/chain.go:149.68,151.6 1 0
github.com/lovelycbm/bongcoin/blockchain/chain.go:154.41,155.34 1 0
github.com/lovelycbm/bongcoin/blockchain/chain.go:155.34,156.42 1 0
github.com/lovelycbm/bongcoin/blockchain/chain.go:156.42,158.31 2 0
github.com/lovelycbm/bongcoin/blockchain/chain.go:158.31,160.8 1 0
github.com/lovelycbm/bongcoin/blockchain/chain.go:170.57,173.31 3 0
github.com/lovelycbm/bongcoin/blockchain/chain.go:176.2,176.16 1 0
github.com/lovelycbm/bongcoin/blockchain/chain.go:173.31,175.3 1 0
github.com/lovelycbm/bongcoin/blockchain/chain.go:179.31,180.17 1 1
github.com/lovelycbm/bongcoin/blockchain/chain.go:193.2,193.10 1 1
github.com/lovelycbm/bongcoin/blockchain/chain.go:180.17,186.24 3 1
github.com/lovelycbm/bongcoin/blockchain/chain.go:186.24,188.4 1 1
github.com/lovelycbm/bongcoin/blockchain/chain.go:188.9,190.4 1 1
github.com/lovelycbm/bongcoin/blockchain/chain.go:196.52,200.2 3 0
github.com/lovelycbm/bongcoin/blockchain/chain.go:203.50,212.34 8 1
github.com/lovelycbm/bongcoin/blockchain/chain.go:212.34,216.3 1 1
github.com/lovelycbm/bongcoin/blockchain/chain.go:219.50,235.43 10 1
github.com/lovelycbm/bongcoin/blockchain/chain.go:235.43,237.9 2 1
github.com/lovelycbm/bongcoin/blockchain/chain.go:237.9,239.4 1 1
github.com/lovelycbm/bongcoin/blockchain/transactions.go:51.24,52.20 1 1
github.com/lovelycbm/bongcoin/blockchain/transactions.go:57.2,57.10 1 1
github.com/lovelycbm/bongcoin/blockchain/transactions.go:52.20,56.3 1 1
github.com/lovelycbm/bongcoin/blockchain/transactions.go:60.22,62.2 1 1
github.com/lovelycbm/bongcoin/blockchain/transactions.go:64.21,65.31 1 0
github.com/lovelycbm/bongcoin/blockchain/transactions.go:65.31,68.3 1 0
github.com/lovelycbm/bongcoin/blockchain/transactions.go:71.28,73.32 2 0
github.com/lovelycbm/bongcoin/blockchain/transactions.go:85.2,85.14 1 0
github.com/lovelycbm/bongcoin/blockchain/transactions.go:73.32,75.20 2 0
github.com/lovelycbm/bongcoin/blockchain/transactions.go:79.3,81.12 3 0
github.com/lovelycbm/bongcoin/blockchain/transactions.go:75.20,77.9 2 0
github.com/lovelycbm/bongcoin/blockchain/transactions.go:81.12,82.9 1 0
github.com/lovelycbm/bongcoin/blockchain/transactions.go:88.40,91.35 2 0
github.com/lovelycbm/bongcoin/blockchain/transactions.go:99.2,99.15 1 0
github.com/lovelycbm/bongcoin/blockchain/transactions.go:91.35,92.34 1 0
github.com/lovelycbm/bongcoin/blockchain/transactions.go:92.34,93.66 1 0
github.com/lovelycbm/bongcoin/blockchain/transactions.go:93.66,95.16 2 0
github.com/lovelycbm/bongcoin/blockchain/transactions.go:104.41,119.2 5 1
github.com/lovelycbm/bongcoin/blockchain/transactions.go:123.55,124.50 1 0
github.com/lovelycbm/bongcoin/blockchain/transactions.go:127.2,133.34 5 0
github.com/lovelycbm/bongcoin/blockchain/transactions.go:142.2,142.42 1 0
github.com/lovelycbm/bongcoin/blockchain/transactions.go:147.2,161.12 7 0
github.com/lovelycbm/bongcoin/blockchain/transactions.go:165.2,165.16 1 0
github.com/lovelycbm/bongcoin/blockchain/transactions.go:124.50,126.3 1 0
github.com/lovelycbm/bongcoin/blockchain/transactions.go:133.34,134.21 1 0
github.com/lovelycbm/bongcoin/blockchain/transactions.go:137.3,139.25 3 0
github.com/lovelycbm/bongcoin/blockchain/transactions.go:134.21,135.9 1 0
github.com/lovelycbm/bongcoin/blockchain/transactions.go:142.42,145.3 2 0
github.com/lovelycbm/bongcoin/blockchain/transactions.go:161.12,163.3 1 0
github.com/lovelycbm/bongcoin/blockchain/transactions.go:168.39,172.26 4 1
github.com/lovelycbm/bongcoin/blockchain/transactions.go:175.2,177.12 3 1
github.com/lovelycbm/bongcoin/blockchain/transactions.go:172.26,174.3 1 1
github.com/lovelycbm/bongcoin/blockchain/transactions.go:181.59,183.16 2 0
github.com/lovelycbm/bongcoin/blockchain/transactions.go:188.2,189.16 2 0
github.com/lovelycbm/bongcoin/blockchain/transactions.go:183.16,185.3 1 0
github.com/lovelycbm/bongcoin/blockchain/transactions.go:192.51,197.2 3 0
github.com/lovelycbm/bongcoin/blockchain/transactions.go:199.36,204.2 3 0
